{"code":"ECONNREFUSED","level":"error","message":"Redis Client Error","service":"qareeblak-api","stack":"AggregateError [ECONNREFUSED]: \n    at internalConnectMultiple (node:net:1134:18)\n    at afterConnectMultiple (node:net:1715:7)","timestamp":"2026-02-13 19:08:15"}
{"level":"info","message":"🛰️ New database connection established from pool","service":"qareeblak-api","timestamp":"2026-02-13 19:08:15"}
{"level":"info","message":"🛰️ New database connection established from pool","service":"qareeblak-api","timestamp":"2026-02-13 19:08:15"}
{"level":"info","message":"✅ Database is Online and Responsive","service":"qareeblak-api","timestamp":"2026-02-13 19:08:15"}
{"code":"ECONNREFUSED","level":"error","message":"Redis Client Error","service":"qareeblak-api","stack":"AggregateError [ECONNREFUSED]: \n    at internalConnectMultiple (node:net:1134:18)\n    at afterConnectMultiple (node:net:1715:7)","timestamp":"2026-02-13 19:08:15"}
{"code":"ECONNREFUSED","level":"error","message":"Redis Client Error","service":"qareeblak-api","stack":"AggregateError [ECONNREFUSED]: \n    at internalConnectMultiple (node:net:1134:18)\n    at afterConnectMultiple (node:net:1715:7)","timestamp":"2026-02-13 19:08:15"}
{"code":"ECONNREFUSED","level":"error","message":"Redis Client Error","service":"qareeblak-api","stack":"AggregateError [ECONNREFUSED]: \n    at internalConnectMultiple (node:net:1134:18)\n    at afterConnectMultiple (node:net:1715:7)","timestamp":"2026-02-13 19:08:15"}
{"code":"ECONNREFUSED","level":"error","message":"Redis Client Error","service":"qareeblak-api","stack":"AggregateError [ECONNREFUSED]: \n    at internalConnectMultiple (node:net:1134:18)\n    at afterConnectMultiple (node:net:1715:7)","timestamp":"2026-02-13 19:08:16"}
{"code":"ECONNREFUSED","level":"error","message":"Redis Client Error","service":"qareeblak-api","stack":"AggregateError [ECONNREFUSED]: \n    at internalConnectMultiple (node:net:1134:18)\n    at afterConnectMultiple (node:net:1715:7)","timestamp":"2026-02-13 19:08:17"}
{"code":"ECONNREFUSED","level":"error","message":"Redis Client Error","service":"qareeblak-api","stack":"AggregateError [ECONNREFUSED]: \n    at internalConnectMultiple (node:net:1134:18)\n    at afterConnectMultiple (node:net:1715:7)","timestamp":"2026-02-13 19:08:19"}
{"code":"ECONNREFUSED","level":"error","message":"Redis Client Error","service":"qareeblak-api","stack":"AggregateError [ECONNREFUSED]: \n    at internalConnectMultiple (node:net:1134:18)\n    at afterConnectMultiple (node:net:1715:7)","timestamp":"2026-02-13 19:08:21"}
{"code":"ECONNREFUSED","level":"error","message":"Redis Client Error","service":"qareeblak-api","stack":"AggregateError [ECONNREFUSED]: \n    at internalConnectMultiple (node:net:1134:18)\n    at afterConnectMultiple (node:net:1715:7)","timestamp":"2026-02-13 19:08:23"}
{"code":"ECONNREFUSED","level":"error","message":"Redis Client Error","service":"qareeblak-api","stack":"AggregateError [ECONNREFUSED]: \n    at internalConnectMultiple (node:net:1134:18)\n    at afterConnectMultiple (node:net:1715:7)","timestamp":"2026-02-13 19:08:25"}
{"code":"ECONNREFUSED","level":"error","message":"Redis Client Error","service":"qareeblak-api","stack":"AggregateError [ECONNREFUSED]: \n    at internalConnectMultiple (node:net:1134:18)\n    at afterConnectMultiple (node:net:1715:7)","timestamp":"2026-02-13 19:08:27"}
{"code":"ECONNREFUSED","level":"error","message":"Redis Client Error","service":"qareeblak-api","stack":"AggregateError [ECONNREFUSED]: \n    at internalConnectMultiple (node:net:1134:18)\n    at afterConnectMultiple (node:net:1715:7)","timestamp":"2026-02-13 19:08:29"}
{"code":"ECONNREFUSED","level":"error","message":"Redis Client Error","service":"qareeblak-api","stack":"AggregateError [ECONNREFUSED]: \n    at internalConnectMultiple (node:net:1134:18)\n    at afterConnectMultiple (node:net:1715:7)","timestamp":"2026-02-13 19:08:31"}
{"code":"ECONNREFUSED","level":"error","message":"Redis Client Error","service":"qareeblak-api","stack":"AggregateError [ECONNREFUSED]: \n    at internalConnectMultiple (node:net:1134:18)\n    at afterConnectMultiple (node:net:1715:7)","timestamp":"2026-02-13 19:08:33"}
{"code":"ECONNREFUSED","level":"error","message":"Redis Client Error","service":"qareeblak-api","stack":"AggregateError [ECONNREFUSED]: \n    at internalConnectMultiple (node:net:1134:18)\n    at afterConnectMultiple (node:net:1715:7)","timestamp":"2026-02-13 19:08:35"}
{"code":"ECONNREFUSED","level":"error","message":"Redis Client Error","service":"qareeblak-api","stack":"AggregateError [ECONNREFUSED]: \n    at internalConnectMultiple (node:net:1134:18)\n    at afterConnectMultiple (node:net:1715:7)","timestamp":"2026-02-13 19:08:37"}
{"code":"ECONNREFUSED","level":"error","message":"Redis Client Error","service":"qareeblak-api","stack":"AggregateError [ECONNREFUSED]: \n    at internalConnectMultiple (node:net:1134:18)\n    at afterConnectMultiple (node:net:1715:7)","timestamp":"2026-02-13 19:08:39"}
{"code":"ECONNREFUSED","level":"error","message":"Redis Client Error","service":"qareeblak-api","stack":"AggregateError [ECONNREFUSED]: \n    at internalConnectMultiple (node:net:1134:18)\n    at afterConnectMultiple (node:net:1715:7)","timestamp":"2026-02-13 19:08:41"}
{"code":"ECONNREFUSED","level":"error","message":"Redis Client Error","service":"qareeblak-api","stack":"AggregateError [ECONNREFUSED]: \n    at internalConnectMultiple (node:net:1134:18)\n    at afterConnectMultiple (node:net:1715:7)","timestamp":"2026-02-13 19:08:44"}
{"code":"ECONNREFUSED","level":"error","message":"Redis Client Error","service":"qareeblak-api","stack":"AggregateError [ECONNREFUSED]: \n    at internalConnectMultiple (node:net:1134:18)\n    at afterConnectMultiple (node:net:1715:7)","timestamp":"2026-02-13 19:08:46"}
{"code":"ECONNREFUSED","level":"error","message":"Redis Client Error","service":"qareeblak-api","stack":"AggregateError [ECONNREFUSED]: \n    at internalConnectMultiple (node:net:1134:18)\n    at afterConnectMultiple (node:net:1715:7)","timestamp":"2026-02-13 19:08:48"}
{"code":"ECONNREFUSED","level":"error","message":"Redis Client Error","service":"qareeblak-api","stack":"AggregateError [ECONNREFUSED]: \n    at internalConnectMultiple (node:net:1134:18)\n    at afterConnectMultiple (node:net:1715:7)","timestamp":"2026-02-13 19:08:50"}
{"code":"ECONNREFUSED","level":"error","message":"Redis Client Error","service":"qareeblak-api","stack":"AggregateError [ECONNREFUSED]: \n    at internalConnectMultiple (node:net:1134:18)\n    at afterConnectMultiple (node:net:1715:7)","timestamp":"2026-02-13 19:08:52"}
{"code":"ECONNREFUSED","level":"error","message":"Redis Client Error","service":"qareeblak-api","stack":"AggregateError [ECONNREFUSED]: \n    at internalConnectMultiple (node:net:1134:18)\n    at afterConnectMultiple (node:net:1715:7)","timestamp":"2026-02-13 19:08:54"}
{"code":"ECONNREFUSED","level":"error","message":"Redis Client Error","service":"qareeblak-api","stack":"AggregateError [ECONNREFUSED]: \n    at internalConnectMultiple (node:net:1134:18)\n    at afterConnectMultiple (node:net:1715:7)","timestamp":"2026-02-13 19:08:56"}
{"code":"ECONNREFUSED","level":"error","message":"Redis Client Error","service":"qareeblak-api","stack":"AggregateError [ECONNREFUSED]: \n    at internalConnectMultiple (node:net:1134:18)\n    at afterConnectMultiple (node:net:1715:7)","timestamp":"2026-02-13 19:08:58"}
{"code":"ECONNREFUSED","level":"error","message":"Redis Client Error","service":"qareeblak-api","stack":"AggregateError [ECONNREFUSED]: \n    at internalConnectMultiple (node:net:1134:18)\n    at afterConnectMultiple (node:net:1715:7)","timestamp":"2026-02-13 19:09:01"}
{"code":"ECONNREFUSED","level":"error","message":"Redis Client Error","service":"qareeblak-api","stack":"AggregateError [ECONNREFUSED]: \n    at internalConnectMultiple (node:net:1134:18)\n    at afterConnectMultiple (node:net:1715:7)","timestamp":"2026-02-13 19:09:03"}
{"code":"ECONNREFUSED","level":"error","message":"Redis Client Error","service":"qareeblak-api","stack":"AggregateError [ECONNREFUSED]: \n    at internalConnectMultiple (node:net:1134:18)\n    at afterConnectMultiple (node:net:1715:7)","timestamp":"2026-02-13 19:09:05"}
{"code":"ECONNREFUSED","level":"error","message":"Redis Client Error","service":"qareeblak-api","stack":"AggregateError [ECONNREFUSED]: \n    at internalConnectMultiple (node:net:1134:18)\n    at afterConnectMultiple (node:net:1715:7)","timestamp":"2026-02-13 19:09:07"}
{"code":"ECONNREFUSED","level":"error","message":"Redis Client Error","service":"qareeblak-api","stack":"AggregateError [ECONNREFUSED]: \n    at internalConnectMultiple (node:net:1134:18)\n    at afterConnectMultiple (node:net:1715:7)","timestamp":"2026-02-13 19:09:09"}
{"code":"ECONNREFUSED","level":"error","message":"Redis Client Error","service":"qareeblak-api","stack":"AggregateError [ECONNREFUSED]: \n    at internalConnectMultiple (node:net:1134:18)\n    at afterConnectMultiple (node:net:1715:7)","timestamp":"2026-02-13 19:09:11"}
{"code":"ECONNREFUSED","level":"error","message":"Redis Client Error","service":"qareeblak-api","stack":"AggregateError [ECONNREFUSED]: \n    at internalConnectMultiple (node:net:1134:18)\n    at afterConnectMultiple (node:net:1715:7)","timestamp":"2026-02-13 19:09:13"}
{"code":"ECONNREFUSED","level":"error","message":"Redis Client Error","service":"qareeblak-api","stack":"AggregateError [ECONNREFUSED]: \n    at internalConnectMultiple (node:net:1134:18)\n    at afterConnectMultiple (node:net:1715:7)","timestamp":"2026-02-13 19:09:15"}
{"code":"ECONNREFUSED","level":"error","message":"Redis Client Error","service":"qareeblak-api","stack":"AggregateError [ECONNREFUSED]: \n    at internalConnectMultiple (node:net:1134:18)\n    at afterConnectMultiple (node:net:1715:7)","timestamp":"2026-02-13 19:09:17"}
{"code":"ECONNREFUSED","level":"error","message":"Redis Client Error","service":"qareeblak-api","stack":"AggregateError [ECONNREFUSED]: \n    at internalConnectMultiple (node:net:1134:18)\n    at afterConnectMultiple (node:net:1715:7)","timestamp":"2026-02-13 19:09:19"}
{"code":"ECONNREFUSED","level":"error","message":"Redis Client Error","service":"qareeblak-api","stack":"AggregateError [ECONNREFUSED]: \n    at internalConnectMultiple (node:net:1134:18)\n    at afterConnectMultiple (node:net:1715:7)","timestamp":"2026-02-13 19:09:21"}
{"code":"ECONNREFUSED","level":"error","message":"Redis Client Error","service":"qareeblak-api","stack":"AggregateError [ECONNREFUSED]: \n    at internalConnectMultiple (node:net:1134:18)\n    at afterConnectMultiple (node:net:1715:7)","timestamp":"2026-02-13 19:09:24"}
{"code":"ECONNREFUSED","level":"error","message":"Redis Client Error","service":"qareeblak-api","stack":"AggregateError [ECONNREFUSED]: \n    at internalConnectMultiple (node:net:1134:18)\n    at afterConnectMultiple (node:net:1715:7)","timestamp":"2026-02-13 19:09:26"}
{"level":"info","message":"🛑 SIGINT received. Starting graceful shutdown...","service":"qareeblak-api","timestamp":"2026-02-13 19:09:27"}
{"level":"info","message":"🛰️ HTTP server closed.","service":"qareeblak-api","timestamp":"2026-02-13 19:09:27"}
{"level":"info","message":"📊 PostgreSQL pool has ended.","service":"qareeblak-api","timestamp":"2026-02-13 19:09:27"}
{"level":"info","message":"🚀 Backend services initialized successfully","service":"qareeblak-api","timestamp":"2026-02-13 19:09:28"}
{"level":"info","message":"🔥 Server running on port 5000 in development mode","service":"qareeblak-api","timestamp":"2026-02-13 19:09:28"}
{"body":{"customerName":"Split Customer","customerPhone":"01055555555","deliveryAddress":"Test Address","deliveryFee":15,"items":[{"name":"Pizza","price":100,"providerId":50,"providerName":"Prov A","quantity":1},{"name":"Pepsi","price":20,"providerId":51,"providerName":"Prov B","quantity":2}],"source":"manual"},"ip":"::1","level":"info","message":"AUDIT_LOG","method":"POST","service":"qareeblak-api","timestamp":"2026-02-13T17:09:41.403Z","url":"/api/halan/orders","userAgent":"node","userEmail":"N/A","userId":"anonymous"}
{"level":"error","message":"⚠️ Could not close connections in time, forcing shut down","service":"qareeblak-api","timestamp":"2026-02-13 19:09:42"}
{"level":"info","message":"🔥 Server running on port 5000 in development mode","service":"qareeblak-api","timestamp":"2026-02-13 19:12:36"}
{"code":"ECONNREFUSED","level":"error","message":"Redis Client Error","service":"qareeblak-api","stack":"AggregateError [ECONNREFUSED]: \n    at internalConnectMultiple (node:net:1134:18)\n    at afterConnectMultiple (node:net:1715:7)","timestamp":"2026-02-13 19:12:36"}
{"level":"info","message":"🛰️ New database connection established from pool","service":"qareeblak-api","timestamp":"2026-02-13 19:12:36"}
{"level":"info","message":"🛰️ New database connection established from pool","service":"qareeblak-api","timestamp":"2026-02-13 19:12:36"}
{"level":"info","message":"✅ Database is Online and Responsive","service":"qareeblak-api","timestamp":"2026-02-13 19:12:36"}
{"code":"ECONNREFUSED","level":"error","message":"Redis Client Error","service":"qareeblak-api","stack":"AggregateError [ECONNREFUSED]: \n    at internalConnectMultiple (node:net:1134:18)\n    at afterConnectMultiple (node:net:1715:7)","timestamp":"2026-02-13 19:12:36"}
{"code":"ECONNREFUSED","level":"error","message":"Redis Client Error","service":"qareeblak-api","stack":"AggregateError [ECONNREFUSED]: \n    at internalConnectMultiple (node:net:1134:18)\n    at afterConnectMultiple (node:net:1715:7)","timestamp":"2026-02-13 19:12:36"}
{"code":"ECONNREFUSED","level":"error","message":"Redis Client Error","service":"qareeblak-api","stack":"AggregateError [ECONNREFUSED]: \n    at internalConnectMultiple (node:net:1134:18)\n    at afterConnectMultiple (node:net:1715:7)","timestamp":"2026-02-13 19:12:37"}
{"code":"ECONNREFUSED","level":"error","message":"Redis Client Error","service":"qareeblak-api","stack":"AggregateError [ECONNREFUSED]: \n    at internalConnectMultiple (node:net:1134:18)\n    at afterConnectMultiple (node:net:1715:7)","timestamp":"2026-02-13 19:12:37"}
{"code":"ECONNREFUSED","level":"error","message":"Redis Client Error","service":"qareeblak-api","stack":"AggregateError [ECONNREFUSED]: \n    at internalConnectMultiple (node:net:1134:18)\n    at afterConnectMultiple (node:net:1715:7)","timestamp":"2026-02-13 19:12:38"}
{"code":"ECONNREFUSED","level":"error","message":"Redis Client Error","service":"qareeblak-api","stack":"AggregateError [ECONNREFUSED]: \n    at internalConnectMultiple (node:net:1134:18)\n    at afterConnectMultiple (node:net:1715:7)","timestamp":"2026-02-13 19:12:40"}
{"code":"ECONNREFUSED","level":"error","message":"Redis Client Error","service":"qareeblak-api","stack":"AggregateError [ECONNREFUSED]: \n    at internalConnectMultiple (node:net:1134:18)\n    at afterConnectMultiple (node:net:1715:7)","timestamp":"2026-02-13 19:12:42"}
{"code":"ECONNREFUSED","level":"error","message":"Redis Client Error","service":"qareeblak-api","stack":"AggregateError [ECONNREFUSED]: \n    at internalConnectMultiple (node:net:1134:18)\n    at afterConnectMultiple (node:net:1715:7)","timestamp":"2026-02-13 19:12:44"}
{"code":"ECONNREFUSED","level":"error","message":"Redis Client Error","service":"qareeblak-api","stack":"AggregateError [ECONNREFUSED]: \n    at internalConnectMultiple (node:net:1134:18)\n    at afterConnectMultiple (node:net:1715:7)","timestamp":"2026-02-13 19:12:46"}
{"code":"ECONNREFUSED","level":"error","message":"Redis Client Error","service":"qareeblak-api","stack":"AggregateError [ECONNREFUSED]: \n    at internalConnectMultiple (node:net:1134:18)\n    at afterConnectMultiple (node:net:1715:7)","timestamp":"2026-02-13 19:12:48"}
{"code":"ECONNREFUSED","level":"error","message":"Redis Client Error","service":"qareeblak-api","stack":"AggregateError [ECONNREFUSED]: \n    at internalConnectMultiple (node:net:1134:18)\n    at afterConnectMultiple (node:net:1715:7)","timestamp":"2026-02-13 19:12:50"}
{"code":"ECONNREFUSED","level":"error","message":"Redis Client Error","service":"qareeblak-api","stack":"AggregateError [ECONNREFUSED]: \n    at internalConnectMultiple (node:net:1134:18)\n    at afterConnectMultiple (node:net:1715:7)","timestamp":"2026-02-13 19:12:52"}
{"code":"ECONNREFUSED","level":"error","message":"Redis Client Error","service":"qareeblak-api","stack":"AggregateError [ECONNREFUSED]: \n    at internalConnectMultiple (node:net:1134:18)\n    at afterConnectMultiple (node:net:1715:7)","timestamp":"2026-02-13 19:12:54"}
{"code":"ECONNREFUSED","level":"error","message":"Redis Client Error","service":"qareeblak-api","stack":"AggregateError [ECONNREFUSED]: \n    at internalConnectMultiple (node:net:1134:18)\n    at afterConnectMultiple (node:net:1715:7)","timestamp":"2026-02-13 19:12:56"}
{"code":"ECONNREFUSED","level":"error","message":"Redis Client Error","service":"qareeblak-api","stack":"AggregateError [ECONNREFUSED]: \n    at internalConnectMultiple (node:net:1134:18)\n    at afterConnectMultiple (node:net:1715:7)","timestamp":"2026-02-13 19:12:58"}
{"code":"ECONNREFUSED","level":"error","message":"Redis Client Error","service":"qareeblak-api","stack":"AggregateError [ECONNREFUSED]: \n    at internalConnectMultiple (node:net:1134:18)\n    at afterConnectMultiple (node:net:1715:7)","timestamp":"2026-02-13 19:13:01"}
{"code":"ECONNREFUSED","level":"error","message":"Redis Client Error","service":"qareeblak-api","stack":"AggregateError [ECONNREFUSED]: \n    at internalConnectMultiple (node:net:1134:18)\n    at afterConnectMultiple (node:net:1715:7)","timestamp":"2026-02-13 19:13:03"}
{"code":"ECONNREFUSED","level":"error","message":"Redis Client Error","service":"qareeblak-api","stack":"AggregateError [ECONNREFUSED]: \n    at internalConnectMultiple (node:net:1134:18)\n    at afterConnectMultiple (node:net:1715:7)","timestamp":"2026-02-13 19:13:05"}
{"code":"ECONNREFUSED","level":"error","message":"Redis Client Error","service":"qareeblak-api","stack":"AggregateError [ECONNREFUSED]: \n    at internalConnectMultiple (node:net:1134:18)\n    at afterConnectMultiple (node:net:1715:7)","timestamp":"2026-02-13 19:13:07"}
{"code":"ECONNREFUSED","level":"error","message":"Redis Client Error","service":"qareeblak-api","stack":"AggregateError [ECONNREFUSED]: \n    at internalConnectMultiple (node:net:1134:18)\n    at afterConnectMultiple (node:net:1715:7)","timestamp":"2026-02-13 19:13:09"}
{"code":"ECONNREFUSED","level":"error","message":"Redis Client Error","service":"qareeblak-api","stack":"AggregateError [ECONNREFUSED]: \n    at internalConnectMultiple (node:net:1134:18)\n    at afterConnectMultiple (node:net:1715:7)","timestamp":"2026-02-13 19:13:11"}
{"code":"ECONNREFUSED","level":"error","message":"Redis Client Error","service":"qareeblak-api","stack":"AggregateError [ECONNREFUSED]: \n    at internalConnectMultiple (node:net:1134:18)\n    at afterConnectMultiple (node:net:1715:7)","timestamp":"2026-02-13 19:13:13"}
{"code":"ECONNREFUSED","level":"error","message":"Redis Client Error","service":"qareeblak-api","stack":"AggregateError [ECONNREFUSED]: \n    at internalConnectMultiple (node:net:1134:18)\n    at afterConnectMultiple (node:net:1715:7)","timestamp":"2026-02-13 19:13:15"}
{"code":"ECONNREFUSED","level":"error","message":"Redis Client Error","service":"qareeblak-api","stack":"AggregateError [ECONNREFUSED]: \n    at internalConnectMultiple (node:net:1134:18)\n    at afterConnectMultiple (node:net:1715:7)","timestamp":"2026-02-13 19:13:17"}
{"code":"ECONNREFUSED","level":"error","message":"Redis Client Error","service":"qareeblak-api","stack":"AggregateError [ECONNREFUSED]: \n    at internalConnectMultiple (node:net:1134:18)\n    at afterConnectMultiple (node:net:1715:7)","timestamp":"2026-02-13 19:13:20"}
{"code":"ECONNREFUSED","level":"error","message":"Redis Client Error","service":"qareeblak-api","stack":"AggregateError [ECONNREFUSED]: \n    at internalConnectMultiple (node:net:1134:18)\n    at afterConnectMultiple (node:net:1715:7)","timestamp":"2026-02-13 19:13:22"}
{"code":"ECONNREFUSED","level":"error","message":"Redis Client Error","service":"qareeblak-api","stack":"AggregateError [ECONNREFUSED]: \n    at internalConnectMultiple (node:net:1134:18)\n    at afterConnectMultiple (node:net:1715:7)","timestamp":"2026-02-13 19:13:24"}
{"code":"ECONNREFUSED","level":"error","message":"Redis Client Error","service":"qareeblak-api","stack":"AggregateError [ECONNREFUSED]: \n    at internalConnectMultiple (node:net:1134:18)\n    at afterConnectMultiple (node:net:1715:7)","timestamp":"2026-02-13 19:13:26"}
{"code":"ECONNREFUSED","level":"error","message":"Redis Client Error","service":"qareeblak-api","stack":"AggregateError [ECONNREFUSED]: \n    at internalConnectMultiple (node:net:1134:18)\n    at afterConnectMultiple (node:net:1715:7)","timestamp":"2026-02-13 19:13:28"}
{"code":"ECONNREFUSED","level":"error","message":"Redis Client Error","service":"qareeblak-api","stack":"AggregateError [ECONNREFUSED]: \n    at internalConnectMultiple (node:net:1134:18)\n    at afterConnectMultiple (node:net:1715:7)","timestamp":"2026-02-13 19:13:30"}
{"code":"ECONNREFUSED","level":"error","message":"Redis Client Error","service":"qareeblak-api","stack":"AggregateError [ECONNREFUSED]: \n    at internalConnectMultiple (node:net:1134:18)\n    at afterConnectMultiple (node:net:1715:7)","timestamp":"2026-02-13 19:13:32"}
{"code":"ECONNREFUSED","level":"error","message":"Redis Client Error","service":"qareeblak-api","stack":"AggregateError [ECONNREFUSED]: \n    at internalConnectMultiple (node:net:1134:18)\n    at afterConnectMultiple (node:net:1715:7)","timestamp":"2026-02-13 19:13:34"}
{"code":"ECONNREFUSED","level":"error","message":"Redis Client Error","service":"qareeblak-api","stack":"AggregateError [ECONNREFUSED]: \n    at internalConnectMultiple (node:net:1134:18)\n    at afterConnectMultiple (node:net:1715:7)","timestamp":"2026-02-13 19:13:36"}
{"code":"ECONNREFUSED","level":"error","message":"Redis Client Error","service":"qareeblak-api","stack":"AggregateError [ECONNREFUSED]: \n    at internalConnectMultiple (node:net:1134:18)\n    at afterConnectMultiple (node:net:1715:7)","timestamp":"2026-02-13 19:13:38"}
{"code":"ECONNREFUSED","level":"error","message":"Redis Client Error","service":"qareeblak-api","stack":"AggregateError [ECONNREFUSED]: \n    at internalConnectMultiple (node:net:1134:18)\n    at afterConnectMultiple (node:net:1715:7)","timestamp":"2026-02-13 19:13:40"}
{"code":"ECONNREFUSED","level":"error","message":"Redis Client Error","service":"qareeblak-api","stack":"AggregateError [ECONNREFUSED]: \n    at internalConnectMultiple (node:net:1134:18)\n    at afterConnectMultiple (node:net:1715:7)","timestamp":"2026-02-13 19:13:43"}
{"code":"ECONNREFUSED","level":"error","message":"Redis Client Error","service":"qareeblak-api","stack":"AggregateError [ECONNREFUSED]: \n    at internalConnectMultiple (node:net:1134:18)\n    at afterConnectMultiple (node:net:1715:7)","timestamp":"2026-02-13 19:13:45"}
{"code":"ECONNREFUSED","level":"error","message":"Redis Client Error","service":"qareeblak-api","stack":"AggregateError [ECONNREFUSED]: \n    at internalConnectMultiple (node:net:1134:18)\n    at afterConnectMultiple (node:net:1715:7)","timestamp":"2026-02-13 19:13:47"}
{"code":"ECONNREFUSED","level":"error","message":"Redis Client Error","service":"qareeblak-api","stack":"AggregateError [ECONNREFUSED]: \n    at internalConnectMultiple (node:net:1134:18)\n    at afterConnectMultiple (node:net:1715:7)","timestamp":"2026-02-13 19:13:49"}
{"code":"ECONNREFUSED","level":"error","message":"Redis Client Error","service":"qareeblak-api","stack":"AggregateError [ECONNREFUSED]: \n    at internalConnectMultiple (node:net:1134:18)\n    at afterConnectMultiple (node:net:1715:7)","timestamp":"2026-02-13 19:13:51"}
{"code":"ECONNREFUSED","level":"error","message":"Redis Client Error","service":"qareeblak-api","stack":"AggregateError [ECONNREFUSED]: \n    at internalConnectMultiple (node:net:1134:18)\n    at afterConnectMultiple (node:net:1715:7)","timestamp":"2026-02-13 19:13:53"}
{"code":"ECONNREFUSED","level":"error","message":"Redis Client Error","service":"qareeblak-api","stack":"AggregateError [ECONNREFUSED]: \n    at internalConnectMultiple (node:net:1134:18)\n    at afterConnectMultiple (node:net:1715:7)","timestamp":"2026-02-13 19:13:55"}
{"code":"ECONNREFUSED","level":"error","message":"Redis Client Error","service":"qareeblak-api","stack":"AggregateError [ECONNREFUSED]: \n    at internalConnectMultiple (node:net:1134:18)\n    at afterConnectMultiple (node:net:1715:7)","timestamp":"2026-02-13 19:13:57"}
{"code":"ECONNREFUSED","level":"error","message":"Redis Client Error","service":"qareeblak-api","stack":"AggregateError [ECONNREFUSED]: \n    at internalConnectMultiple (node:net:1134:18)\n    at afterConnectMultiple (node:net:1715:7)","timestamp":"2026-02-13 19:13:59"}
{"code":"ECONNREFUSED","level":"error","message":"Redis Client Error","service":"qareeblak-api","stack":"AggregateError [ECONNREFUSED]: \n    at internalConnectMultiple (node:net:1134:18)\n    at afterConnectMultiple (node:net:1715:7)","timestamp":"2026-02-13 19:14:01"}
{"code":"ECONNREFUSED","level":"error","message":"Redis Client Error","service":"qareeblak-api","stack":"AggregateError [ECONNREFUSED]: \n    at internalConnectMultiple (node:net:1134:18)\n    at afterConnectMultiple (node:net:1715:7)","timestamp":"2026-02-13 19:14:03"}
{"code":"ECONNREFUSED","level":"error","message":"Redis Client Error","service":"qareeblak-api","stack":"AggregateError [ECONNREFUSED]: \n    at internalConnectMultiple (node:net:1134:18)\n    at afterConnectMultiple (node:net:1715:7)","timestamp":"2026-02-13 19:14:06"}
{"code":"ECONNREFUSED","level":"error","message":"Redis Client Error","service":"qareeblak-api","stack":"AggregateError [ECONNREFUSED]: \n    at internalConnectMultiple (node:net:1134:18)\n    at afterConnectMultiple (node:net:1715:7)","timestamp":"2026-02-13 19:14:08"}
{"code":"ECONNREFUSED","level":"error","message":"Redis Client Error","service":"qareeblak-api","stack":"AggregateError [ECONNREFUSED]: \n    at internalConnectMultiple (node:net:1134:18)\n    at afterConnectMultiple (node:net:1715:7)","timestamp":"2026-02-13 19:14:10"}
{"code":"ECONNREFUSED","level":"error","message":"Redis Client Error","service":"qareeblak-api","stack":"AggregateError [ECONNREFUSED]: \n    at internalConnectMultiple (node:net:1134:18)\n    at afterConnectMultiple (node:net:1715:7)","timestamp":"2026-02-13 19:14:12"}
{"code":"ECONNREFUSED","level":"error","message":"Redis Client Error","service":"qareeblak-api","stack":"AggregateError [ECONNREFUSED]: \n    at internalConnectMultiple (node:net:1134:18)\n    at afterConnectMultiple (node:net:1715:7)","timestamp":"2026-02-13 19:14:14"}
{"code":"ECONNREFUSED","level":"error","message":"Redis Client Error","service":"qareeblak-api","stack":"AggregateError [ECONNREFUSED]: \n    at internalConnectMultiple (node:net:1134:18)\n    at afterConnectMultiple (node:net:1715:7)","timestamp":"2026-02-13 19:14:16"}
{"code":"ECONNREFUSED","level":"error","message":"Redis Client Error","service":"qareeblak-api","stack":"AggregateError [ECONNREFUSED]: \n    at internalConnectMultiple (node:net:1134:18)\n    at afterConnectMultiple (node:net:1715:7)","timestamp":"2026-02-13 19:14:18"}
{"code":"ECONNREFUSED","level":"error","message":"Redis Client Error","service":"qareeblak-api","stack":"AggregateError [ECONNREFUSED]: \n    at internalConnectMultiple (node:net:1134:18)\n    at afterConnectMultiple (node:net:1715:7)","timestamp":"2026-02-13 19:14:20"}
{"code":"ECONNREFUSED","level":"error","message":"Redis Client Error","service":"qareeblak-api","stack":"AggregateError [ECONNREFUSED]: \n    at internalConnectMultiple (node:net:1134:18)\n    at afterConnectMultiple (node:net:1715:7)","timestamp":"2026-02-13 19:14:22"}
{"code":"ECONNREFUSED","level":"error","message":"Redis Client Error","service":"qareeblak-api","stack":"AggregateError [ECONNREFUSED]: \n    at internalConnectMultiple (node:net:1134:18)\n    at afterConnectMultiple (node:net:1715:7)","timestamp":"2026-02-13 19:14:25"}
{"code":"ECONNREFUSED","level":"error","message":"Redis Client Error","service":"qareeblak-api","stack":"AggregateError [ECONNREFUSED]: \n    at internalConnectMultiple (node:net:1134:18)\n    at afterConnectMultiple (node:net:1715:7)","timestamp":"2026-02-13 19:14:27"}
{"code":"ECONNREFUSED","level":"error","message":"Redis Client Error","service":"qareeblak-api","stack":"AggregateError [ECONNREFUSED]: \n    at internalConnectMultiple (node:net:1134:18)\n    at afterConnectMultiple (node:net:1715:7)","timestamp":"2026-02-13 19:14:29"}
{"code":"ECONNREFUSED","level":"error","message":"Redis Client Error","service":"qareeblak-api","stack":"AggregateError [ECONNREFUSED]: \n    at internalConnectMultiple (node:net:1134:18)\n    at afterConnectMultiple (node:net:1715:7)","timestamp":"2026-02-13 19:14:31"}
{"level":"info","message":"🛑 SIGINT received. Starting graceful shutdown...","service":"qareeblak-api","timestamp":"2026-02-13 19:14:33"}
{"level":"info","message":"🛰️ HTTP server closed.","service":"qareeblak-api","timestamp":"2026-02-13 19:14:33"}
{"level":"info","message":"📊 PostgreSQL pool has ended.","service":"qareeblak-api","timestamp":"2026-02-13 19:14:33"}
{"level":"info","message":"🚀 Backend services initialized successfully","service":"qareeblak-api","timestamp":"2026-02-13 19:14:33"}
{"level":"error","message":"⚠️ Could not close connections in time, forcing shut down","service":"qareeblak-api","timestamp":"2026-02-13 19:14:48"}
